This file contains any messages produced by compilers while
running configure, to aid debugging if configure makes a mistake.

It was created by tesseract configure 3.02.02, which was
generated by GNU Autoconf 2.69.  Invocation command line was

  $ ./configure 

## --------- ##
## Platform. ##
## --------- ##

hostname = OSFM17KG3QPL
uname -m = x86_64
uname -r = 14.1.0
uname -s = Darwin
uname -v = Darwin Kernel Version 14.1.0: Mon Dec 22 23:10:38 PST 2014; root:xnu-2782.10.72~2/RELEASE_X86_64

/usr/bin/uname -p = i386
/bin/uname -X     = unknown

/bin/arch              = unknown
/usr/bin/arch -k       = unknown
/usr/convex/getsysinfo = unknown
/usr/bin/hostinfo      = Mach kernel version:
	 Darwin Kernel Version 14.1.0: Mon Dec 22 23:10:38 PST 2014; root:xnu-2782.10.72~2/RELEASE_X86_64
Kernel configured for up to 8 processors.
4 processors are physically available.
8 processors are logically available.
Processor type: x86_64h (Intel x86-64h Haswell)
Processors active: 0 1 2 3 4 5 6 7
Primary memory available: 16.00 gigabytes
Default processor set: 305 tasks, 1825 threads, 8 processors
Load average: 2.16, Mach factor: 5.83
/bin/machine           = unknown
/usr/bin/oslevel       = unknown
/bin/universe          = unknown

PATH: /usr/local/bin
PATH: /usr/bin
PATH: /bin
PATH: /usr/sbin
PATH: /sbin
PATH: /opt/X11/bin
PATH: /usr/local/go/bin


## ----------- ##
## Core tests. ##
## ----------- ##

configure:2722: checking build system type
configure:2736: result: x86_64-apple-darwin14.1.0
configure:2756: checking host system type
configure:2769: result: x86_64-apple-darwin14.1.0
configure:2838: checking --enable-graphics argument
configure:2847: result: yes
configure:2864: checking --enable-embedded argument
configure:2873: result: no
configure:2891: checking --enable-visibility argument
configure:2900: result: no
configure:2912: checking --enable-multiple-libraries argument
configure:2921: result: no
configure:2933: checking whether to use tessdata-prefix
configure:2942: result: yes
configure:2954: checking whether to enable debugging
configure:2963: result: no
configure:3077: checking for cl.exe
configure:3107: result: no
configure:3077: checking for g++
configure:3093: found /usr/bin/g++
configure:3104: result: g++
configure:3131: checking for C++ compiler version
configure:3140: g++ --version >&5
Apple LLVM version 6.0 (clang-600.0.57) (based on LLVM 3.5svn)
Target: x86_64-apple-darwin14.1.0
Thread model: posix
Configured with: --prefix=/Library/Developer/CommandLineTools/usr --with-gxx-include-dir=/usr/include/c++/4.2.1
configure:3151: $? = 0
configure:3140: g++ -v >&5
Configured with: --prefix=/Library/Developer/CommandLineTools/usr --with-gxx-include-dir=/usr/include/c++/4.2.1
Apple LLVM version 6.0 (clang-600.0.57) (based on LLVM 3.5svn)
Target: x86_64-apple-darwin14.1.0
Thread model: posix
configure:3151: $? = 0
configure:3140: g++ -V >&5
clang: error: argument to '-V' is missing (expected 1 value)
clang: error: no input files
configure:3151: $? = 1
configure:3140: g++ -qversion >&5
clang: error: unknown argument: '-qversion'
clang: error: no input files
configure:3151: $? = 1
configure:3171: checking whether the C++ compiler works
configure:3193: g++    conftest.cpp  >&5
configure:3197: $? = 0
configure:3245: result: yes
configure:3248: checking for C++ compiler default output file name
configure:3250: result: a.out
configure:3256: checking for suffix of executables
configure:3263: g++ -o conftest    conftest.cpp  >&5
configure:3267: $? = 0
configure:3289: result: 
configure:3311: checking whether we are cross compiling
configure:3319: g++ -o conftest    conftest.cpp  >&5
configure:3323: $? = 0
configure:3330: ./conftest
configure:3334: $? = 0
configure:3349: result: no
configure:3354: checking for suffix of object files
configure:3376: g++ -c   conftest.cpp >&5
configure:3380: $? = 0
configure:3401: result: o
configure:3405: checking whether we are using the GNU C++ compiler
configure:3424: g++ -c   conftest.cpp >&5
configure:3424: $? = 0
configure:3433: result: yes
configure:3442: checking whether g++ accepts -g
configure:3462: g++ -c -g  conftest.cpp >&5
configure:3462: $? = 0
configure:3503: result: yes
configure:3575: checking how to print strings
configure:3602: result: printf
configure:3674: checking for gcc
configure:3690: found /usr/bin/gcc
configure:3701: result: gcc
configure:3930: checking for C compiler version
configure:3939: gcc --version >&5
Apple LLVM version 6.0 (clang-600.0.57) (based on LLVM 3.5svn)
Target: x86_64-apple-darwin14.1.0
Thread model: posix
Configured with: --prefix=/Library/Developer/CommandLineTools/usr --with-gxx-include-dir=/usr/include/c++/4.2.1
configure:3950: $? = 0
configure:3939: gcc -v >&5
Configured with: --prefix=/Library/Developer/CommandLineTools/usr --with-gxx-include-dir=/usr/include/c++/4.2.1
Apple LLVM version 6.0 (clang-600.0.57) (based on LLVM 3.5svn)
Target: x86_64-apple-darwin14.1.0
Thread model: posix
configure:3950: $? = 0
configure:3939: gcc -V >&5
clang: error: argument to '-V' is missing (expected 1 value)
clang: error: no input files
configure:3950: $? = 1
configure:3939: gcc -qversion >&5
clang: error: unknown argument: '-qversion'
clang: error: no input files
configure:3950: $? = 1
configure:3954: checking whether we are using the GNU C compiler
configure:3973: gcc -c   conftest.c >&5
configure:3973: $? = 0
configure:3982: result: yes
configure:3991: checking whether gcc accepts -g
configure:4011: gcc -c -g  conftest.c >&5
configure:4011: $? = 0
configure:4052: result: yes
configure:4069: checking for gcc option to accept ISO C89
configure:4132: gcc  -c -g -O2  conftest.c >&5
configure:4132: $? = 0
configure:4145: result: none needed
configure:4170: checking whether gcc understands -c and -o together
configure:4192: gcc -c conftest.c -o conftest2.o
configure:4195: $? = 0
configure:4192: gcc -c conftest.c -o conftest2.o
configure:4195: $? = 0
configure:4207: result: yes
configure:4224: checking for a sed that does not truncate output
configure:4288: result: /usr/bin/sed
configure:4306: checking for grep that handles long lines and -e
configure:4364: result: /usr/bin/grep
configure:4369: checking for egrep
configure:4431: result: /usr/bin/grep -E
configure:4436: checking for fgrep
configure:4498: result: /usr/bin/grep -F
configure:4533: checking for ld used by gcc
configure:4600: result: /Library/Developer/CommandLineTools/usr/bin/ld
configure:4607: checking if the linker (/Library/Developer/CommandLineTools/usr/bin/ld) is GNU ld
configure:4622: result: no
configure:4634: checking for BSD- or MS-compatible name lister (nm)
configure:4688: result: /usr/bin/nm
configure:4818: checking the name lister (/usr/bin/nm) interface
configure:4825: gcc -c -g -O2  conftest.c >&5
configure:4828: /usr/bin/nm "conftest.o"
configure:4831: output
0000000000000238 S _some_variable
configure:4838: result: BSD nm
configure:4841: checking whether ln -s works
configure:4845: result: yes
configure:4853: checking the maximum length of command line arguments
configure:4984: result: 196608
configure:5032: checking how to convert x86_64-apple-darwin14.1.0 file names to x86_64-apple-darwin14.1.0 format
configure:5072: result: func_convert_file_noop
configure:5079: checking how to convert x86_64-apple-darwin14.1.0 file names to toolchain format
configure:5099: result: func_convert_file_noop
configure:5106: checking for /Library/Developer/CommandLineTools/usr/bin/ld option to reload object files
configure:5113: result: -r
configure:5187: checking for objdump
configure:5217: result: no
configure:5246: checking how to recognize dependent libraries
configure:5446: result: pass_all
configure:5531: checking for dlltool
configure:5561: result: no
configure:5591: checking how to associate runtime and link libraries
configure:5618: result: printf %s\n
configure:5679: checking for ar
configure:5695: found /usr/bin/ar
configure:5706: result: ar
configure:5743: checking for archiver @FILE support
configure:5760: gcc -c -g -O2  conftest.c >&5
configure:5760: $? = 0
configure:5763: ar cru libconftest.a @conftest.lst >&5
ar: @conftest.lst: No such file or directory
configure:5766: $? = 1
configure:5786: result: no
configure:5844: checking for strip
configure:5860: found /usr/bin/strip
configure:5871: result: strip
configure:5943: checking for ranlib
configure:5959: found /usr/bin/ranlib
configure:5970: result: ranlib
configure:6047: checking for gawk
configure:6077: result: no
configure:6047: checking for mawk
configure:6077: result: no
configure:6047: checking for nawk
configure:6077: result: no
configure:6047: checking for awk
configure:6063: found /usr/bin/awk
configure:6074: result: awk
configure:6114: checking command to parse /usr/bin/nm output from gcc object
configure:6267: gcc -c -g -O2  conftest.c >&5
configure:6270: $? = 0
configure:6274: /usr/bin/nm conftest.o \| sed -n -e 's/^.*[ ]\([BCDEGRST][BCDEGRST]*\)[ ][ ]*\([_A-Za-z][_A-Za-z0-9]*\)$/\1 \2 \2/p' | sed '/ __gnu_lto/d' \> conftest.nm
configure:6277: $? = 0
cannot find nm_test_var in conftest.nm
configure:6267: gcc -c -g -O2  conftest.c >&5
configure:6270: $? = 0
configure:6274: /usr/bin/nm conftest.o \| sed -n -e 's/^.*[ ]\([BCDEGRST][BCDEGRST]*\)[ ][ ]*_\([_A-Za-z][_A-Za-z0-9]*\)$/\1 _\2 \2/p' | sed '/ __gnu_lto/d' \> conftest.nm
configure:6277: $? = 0
configure:6343: gcc -o conftest -g -O2   conftest.c conftstm.o >&5
configure:6346: $? = 0
configure:6384: result: ok
configure:6431: checking for sysroot
configure:6461: result: no
configure:6468: checking for a working dd
configure:6506: result: /bin/dd
configure:6510: checking how to truncate binary pipes
configure:6525: result: /bin/dd bs=4096 count=1
configure:6854: checking for mt
configure:6884: result: no
configure:6904: checking if : is a manifest tool
configure:6910: : '-?'
configure:6918: result: no
configure:6974: checking for dsymutil
configure:6990: found /usr/bin/dsymutil
configure:7001: result: dsymutil
configure:7066: checking for nmedit
configure:7082: found /usr/bin/nmedit
configure:7093: result: nmedit
configure:7158: checking for lipo
configure:7174: found /usr/bin/lipo
configure:7185: result: lipo
configure:7250: checking for otool
configure:7266: found /usr/bin/otool
configure:7277: result: otool
configure:7342: checking for otool64
configure:7372: result: no
configure:7417: checking for -single_module linker flag
gcc -g -O2  -o libconftest.dylib -dynamiclib -Wl,-single_module conftest.c
configure:7450: result: yes
configure:7453: checking for -exported_symbols_list linker flag
configure:7473: gcc -o conftest -g -O2   -Wl,-exported_symbols_list,conftest.sym conftest.c  >&5
configure:7473: $? = 0
configure:7483: result: yes
configure:7486: checking for -force_load linker flag
gcc -g -O2 -c -o conftest.o conftest.c
ar cru libconftest.a conftest.o
ranlib libconftest.a
gcc -g -O2  -o conftest conftest.c -Wl,-force_load,./libconftest.a
configure:7518: result: yes
configure:7595: checking how to run the C preprocessor
configure:7626: gcc -E  conftest.c
configure:7626: $? = 0
configure:7640: gcc -E  conftest.c
conftest.c:13:10: fatal error: 'ac_nonexistent.h' file not found
#include <ac_nonexistent.h>
         ^
1 error generated.
configure:7640: $? = 1
configure: failed program was:
| /* confdefs.h */
| #define PACKAGE_NAME "tesseract"
| #define PACKAGE_TARNAME "tesseract"
| #define PACKAGE_VERSION "3.02.02"
| #define PACKAGE_STRING "tesseract 3.02.02"
| #define PACKAGE_BUGREPORT "http://code.google.com/p/tesseract-ocr/issues/list"
| #define PACKAGE_URL ""
| #define PACKAGE_NAME "tesseract"
| #define PACKAGE_VERSION "3.02.02"
| #define PACKAGE_YEAR "2012"
| #define PACKAGE_DATE "10/23"
| /* end confdefs.h.  */
| #include <ac_nonexistent.h>
configure:7665: result: gcc -E
configure:7685: gcc -E  conftest.c
configure:7685: $? = 0
configure:7699: gcc -E  conftest.c
conftest.c:13:10: fatal error: 'ac_nonexistent.h' file not found
#include <ac_nonexistent.h>
         ^
1 error generated.
configure:7699: $? = 1
configure: failed program was:
| /* confdefs.h */
| #define PACKAGE_NAME "tesseract"
| #define PACKAGE_TARNAME "tesseract"
| #define PACKAGE_VERSION "3.02.02"
| #define PACKAGE_STRING "tesseract 3.02.02"
| #define PACKAGE_BUGREPORT "http://code.google.com/p/tesseract-ocr/issues/list"
| #define PACKAGE_URL ""
| #define PACKAGE_NAME "tesseract"
| #define PACKAGE_VERSION "3.02.02"
| #define PACKAGE_YEAR "2012"
| #define PACKAGE_DATE "10/23"
| /* end confdefs.h.  */
| #include <ac_nonexistent.h>
configure:7728: checking for ANSI C header files
configure:7748: gcc -c -g -O2  conftest.c >&5
configure:7748: $? = 0
configure:7821: gcc -o conftest -g -O2   conftest.c  >&5
configure:7821: $? = 0
configure:7821: ./conftest
configure:7821: $? = 0
configure:7832: result: yes
configure:7845: checking for sys/types.h
configure:7845: gcc -c -g -O2  conftest.c >&5
configure:7845: $? = 0
configure:7845: result: yes
configure:7845: checking for sys/stat.h
configure:7845: gcc -c -g -O2  conftest.c >&5
configure:7845: $? = 0
configure:7845: result: yes
configure:7845: checking for stdlib.h
configure:7845: gcc -c -g -O2  conftest.c >&5
configure:7845: $? = 0
configure:7845: result: yes
configure:7845: checking for string.h
configure:7845: gcc -c -g -O2  conftest.c >&5
configure:7845: $? = 0
configure:7845: result: yes
configure:7845: checking for memory.h
configure:7845: gcc -c -g -O2  conftest.c >&5
configure:7845: $? = 0
configure:7845: result: yes
configure:7845: checking for strings.h
configure:7845: gcc -c -g -O2  conftest.c >&5
configure:7845: $? = 0
configure:7845: result: yes
configure:7845: checking for inttypes.h
configure:7845: gcc -c -g -O2  conftest.c >&5
configure:7845: $? = 0
configure:7845: result: yes
configure:7845: checking for stdint.h
configure:7845: gcc -c -g -O2  conftest.c >&5
configure:7845: $? = 0
configure:7845: result: yes
configure:7845: checking for unistd.h
configure:7845: gcc -c -g -O2  conftest.c >&5
configure:7845: $? = 0
configure:7845: result: yes
configure:7859: checking for dlfcn.h
configure:7859: gcc -c -g -O2  conftest.c >&5
configure:7859: $? = 0
configure:7859: result: yes
configure:8126: checking for objdir
configure:8141: result: .libs
configure:8405: checking if gcc supports -fno-rtti -fno-exceptions
configure:8423: gcc -c -g -O2  -fno-rtti -fno-exceptions conftest.c >&5
configure:8427: $? = 0
configure:8440: result: yes
configure:8798: checking for gcc option to produce PIC
configure:8805: result: -fno-common -DPIC
configure:8813: checking if gcc PIC flag -fno-common -DPIC works
configure:8831: gcc -c -g -O2  -fno-common -DPIC -DPIC conftest.c >&5
configure:8835: $? = 0
configure:8848: result: yes
configure:8877: checking if gcc static flag -static works
configure:8905: result: no
configure:8920: checking if gcc supports -c -o file.o
configure:8941: gcc -c -g -O2  -o out/conftest2.o conftest.c >&5
configure:8945: $? = 0
configure:8967: result: yes
configure:8975: checking if gcc supports -c -o file.o
configure:9022: result: yes
configure:9055: checking whether the gcc linker (/Library/Developer/CommandLineTools/usr/bin/ld) supports shared libraries
configure:10314: result: yes
configure:10554: checking dynamic linker characteristics
configure:11372: result: darwin14.1.0 dyld
configure:11494: checking how to hardcode library paths into programs
configure:11519: result: immediate
configure:12067: checking whether stripping libraries is possible
configure:12081: result: yes
configure:12107: checking if libtool supports shared libraries
configure:12109: result: yes
configure:12112: checking whether to build shared libraries
configure:12137: result: yes
configure:12140: checking whether to build static libraries
configure:12144: result: yes
configure:12167: checking how to run the C++ preprocessor
configure:12194: g++ -E  conftest.cpp
configure:12194: $? = 0
configure:12208: g++ -E  conftest.cpp
conftest.cpp:25:10: fatal error: 'ac_nonexistent.h' file not found
#include <ac_nonexistent.h>
         ^
1 error generated.
configure:12208: $? = 1
configure: failed program was:
| /* confdefs.h */
| #define PACKAGE_NAME "tesseract"
| #define PACKAGE_TARNAME "tesseract"
| #define PACKAGE_VERSION "3.02.02"
| #define PACKAGE_STRING "tesseract 3.02.02"
| #define PACKAGE_BUGREPORT "http://code.google.com/p/tesseract-ocr/issues/list"
| #define PACKAGE_URL ""
| #define PACKAGE_NAME "tesseract"
| #define PACKAGE_VERSION "3.02.02"
| #define PACKAGE_YEAR "2012"
| #define PACKAGE_DATE "10/23"
| #define STDC_HEADERS 1
| #define HAVE_SYS_TYPES_H 1
| #define HAVE_SYS_STAT_H 1
| #define HAVE_STDLIB_H 1
| #define HAVE_STRING_H 1
| #define HAVE_MEMORY_H 1
| #define HAVE_STRINGS_H 1
| #define HAVE_INTTYPES_H 1
| #define HAVE_STDINT_H 1
| #define HAVE_UNISTD_H 1
| #define HAVE_DLFCN_H 1
| #define LT_OBJDIR ".libs/"
| /* end confdefs.h.  */
| #include <ac_nonexistent.h>
configure:12233: result: g++ -E
configure:12253: g++ -E  conftest.cpp
configure:12253: $? = 0
configure:12267: g++ -E  conftest.cpp
conftest.cpp:25:10: fatal error: 'ac_nonexistent.h' file not found
#include <ac_nonexistent.h>
         ^
1 error generated.
configure:12267: $? = 1
configure: failed program was:
| /* confdefs.h */
| #define PACKAGE_NAME "tesseract"
| #define PACKAGE_TARNAME "tesseract"
| #define PACKAGE_VERSION "3.02.02"
| #define PACKAGE_STRING "tesseract 3.02.02"
| #define PACKAGE_BUGREPORT "http://code.google.com/p/tesseract-ocr/issues/list"
| #define PACKAGE_URL ""
| #define PACKAGE_NAME "tesseract"
| #define PACKAGE_VERSION "3.02.02"
| #define PACKAGE_YEAR "2012"
| #define PACKAGE_DATE "10/23"
| #define STDC_HEADERS 1
| #define HAVE_SYS_TYPES_H 1
| #define HAVE_SYS_STAT_H 1
| #define HAVE_STDLIB_H 1
| #define HAVE_STRING_H 1
| #define HAVE_MEMORY_H 1
| #define HAVE_STRINGS_H 1
| #define HAVE_INTTYPES_H 1
| #define HAVE_STDINT_H 1
| #define HAVE_UNISTD_H 1
| #define HAVE_DLFCN_H 1
| #define LT_OBJDIR ".libs/"
| /* end confdefs.h.  */
| #include <ac_nonexistent.h>
configure:12429: checking for ld used by g++
configure:12496: result: /Library/Developer/CommandLineTools/usr/bin/ld
configure:12503: checking if the linker (/Library/Developer/CommandLineTools/usr/bin/ld) is GNU ld
configure:12518: result: no
configure:12573: checking whether the g++ linker (/Library/Developer/CommandLineTools/usr/bin/ld) supports shared libraries
configure:13646: result: yes
configure:13682: g++ -c -g -O2  conftest.cpp >&5
configure:13685: $? = 0
configure:14166: checking for g++ option to produce PIC
configure:14173: result: -fno-common -DPIC
configure:14181: checking if g++ PIC flag -fno-common -DPIC works
configure:14199: g++ -c -g -O2  -fno-common -DPIC -DPIC conftest.cpp >&5
configure:14203: $? = 0
configure:14216: result: yes
configure:14239: checking if g++ static flag -static works
configure:14267: result: no
configure:14279: checking if g++ supports -c -o file.o
configure:14300: g++ -c -g -O2  -o out/conftest2.o conftest.cpp >&5
configure:14304: $? = 0
configure:14326: result: yes
configure:14331: checking if g++ supports -c -o file.o
configure:14378: result: yes
configure:14408: checking whether the g++ linker (/Library/Developer/CommandLineTools/usr/bin/ld) supports shared libraries
configure:14448: result: yes
configure:14589: checking dynamic linker characteristics
configure:15334: result: darwin14.1.0 dyld
configure:15399: checking how to hardcode library paths into programs
configure:15424: result: immediate
configure:15510: checking for a BSD-compatible install
configure:15578: result: /usr/bin/install -c
configure:15589: checking whether build environment is sane
configure:15644: result: yes
configure:15792: checking for a thread-safe mkdir -p
configure:15831: result: config/install-sh -c -d
configure:15834: checking whether make sets $(MAKE)
configure:15856: result: yes
configure:15886: checking for style of include used by make
configure:15914: result: GNU
configure:15948: checking whether make supports nested variables
configure:15965: result: yes
configure:16050: checking dependency style of gcc
configure:16161: result: gcc3
configure:16178: checking dependency style of g++
configure:16289: result: gcc3
configure:16351: checking whether to enable maintainer-specific portions of Makefiles
configure:16360: result: no
configure:16389: checking whether byte ordering is bigendian
configure:16404: gcc -c -g -O2  conftest.c >&5
configure:16404: $? = 0
configure:16449: gcc -c -g -O2  conftest.c >&5
configure:16449: $? = 0
configure:16467: gcc -c -g -O2  conftest.c >&5
conftest.c:34:4: error: use of undeclared identifier 'not'
                 not big endian
                 ^
1 error generated.
configure:16467: $? = 1
configure: failed program was:
| /* confdefs.h */
| #define PACKAGE_NAME "tesseract"
| #define PACKAGE_TARNAME "tesseract"
| #define PACKAGE_VERSION "3.02.02"
| #define PACKAGE_STRING "tesseract 3.02.02"
| #define PACKAGE_BUGREPORT "http://code.google.com/p/tesseract-ocr/issues/list"
| #define PACKAGE_URL ""
| #define PACKAGE_NAME "tesseract"
| #define PACKAGE_VERSION "3.02.02"
| #define PACKAGE_YEAR "2012"
| #define PACKAGE_DATE "10/23"
| #define STDC_HEADERS 1
| #define HAVE_SYS_TYPES_H 1
| #define HAVE_SYS_STAT_H 1
| #define HAVE_STDLIB_H 1
| #define HAVE_STRING_H 1
| #define HAVE_MEMORY_H 1
| #define HAVE_STRINGS_H 1
| #define HAVE_INTTYPES_H 1
| #define HAVE_STDINT_H 1
| #define HAVE_UNISTD_H 1
| #define HAVE_DLFCN_H 1
| #define LT_OBJDIR ".libs/"
| #define PACKAGE "tesseract"
| #define VERSION "3.02.02"
| /* end confdefs.h.  */
| #include <sys/types.h>
| 		#include <sys/param.h>
| 
| int
| main ()
| {
| #if BYTE_ORDER != BIG_ENDIAN
| 		 not big endian
| 		#endif
| 
|   ;
|   return 0;
| }
configure:16595: result: no
configure:16726: checking for library containing sem_init
configure:16757: g++ -o conftest -g -O2   conftest.cpp  >&5
configure:16757: $? = 0
configure:16774: result: none required
configure:16789: checking for ANSI C header files
configure:16893: result: yes
configure:16901: checking whether time.h and sys/time.h may both be included
configure:16921: g++ -c -g -O2  conftest.cpp >&5
configure:16921: $? = 0
configure:16928: result: yes
configure:16936: checking for sys/wait.h that is POSIX.1 compatible
configure:16962: g++ -c -g -O2  conftest.cpp >&5
configure:16962: $? = 0
configure:16969: result: yes
configure:16980: checking sys/ipc.h usability
configure:16980: g++ -c -g -O2  conftest.cpp >&5
configure:16980: $? = 0
configure:16980: result: yes
configure:16980: checking sys/ipc.h presence
configure:16980: g++ -E  conftest.cpp
configure:16980: $? = 0
configure:16980: result: yes
configure:16980: checking for sys/ipc.h
configure:16980: result: yes
configure:16980: checking sys/shm.h usability
configure:16980: g++ -c -g -O2  conftest.cpp >&5
configure:16980: $? = 0
configure:16980: result: yes
configure:16980: checking sys/shm.h presence
configure:16980: g++ -E  conftest.cpp
configure:16980: $? = 0
configure:16980: result: yes
configure:16980: checking for sys/shm.h
configure:16980: result: yes
configure:16993: checking limits.h usability
configure:16993: g++ -c -g -O2  conftest.cpp >&5
configure:16993: $? = 0
configure:16993: result: yes
configure:16993: checking limits.h presence
configure:16993: g++ -E  conftest.cpp
configure:16993: $? = 0
configure:16993: result: yes
configure:16993: checking for limits.h
configure:16993: result: yes
configure:16993: checking malloc.h usability
configure:16993: g++ -c -g -O2  conftest.cpp >&5
conftest.cpp:66:10: fatal error: 'malloc.h' file not found
#include <malloc.h>
         ^
1 error generated.
configure:16993: $? = 1
configure: failed program was:
| /* confdefs.h */
| #define PACKAGE_NAME "tesseract"
| #define PACKAGE_TARNAME "tesseract"
| #define PACKAGE_VERSION "3.02.02"
| #define PACKAGE_STRING "tesseract 3.02.02"
| #define PACKAGE_BUGREPORT "http://code.google.com/p/tesseract-ocr/issues/list"
| #define PACKAGE_URL ""
| #define PACKAGE_NAME "tesseract"
| #define PACKAGE_VERSION "3.02.02"
| #define PACKAGE_YEAR "2012"
| #define PACKAGE_DATE "10/23"
| #define STDC_HEADERS 1
| #define HAVE_SYS_TYPES_H 1
| #define HAVE_SYS_STAT_H 1
| #define HAVE_STDLIB_H 1
| #define HAVE_STRING_H 1
| #define HAVE_MEMORY_H 1
| #define HAVE_STRINGS_H 1
| #define HAVE_INTTYPES_H 1
| #define HAVE_STDINT_H 1
| #define HAVE_UNISTD_H 1
| #define HAVE_DLFCN_H 1
| #define LT_OBJDIR ".libs/"
| #define PACKAGE "tesseract"
| #define VERSION "3.02.02"
| #define STDC_HEADERS 1
| #define TIME_WITH_SYS_TIME 1
| #define HAVE_SYS_WAIT_H 1
| #define HAVE_SYS_IPC_H 1
| #define HAVE_SYS_SHM_H 1
| #define HAVE_LIMITS_H 1
| /* end confdefs.h.  */
| #include <stdio.h>
| #ifdef HAVE_SYS_TYPES_H
| # include <sys/types.h>
| #endif
| #ifdef HAVE_SYS_STAT_H
| # include <sys/stat.h>
| #endif
| #ifdef STDC_HEADERS
| # include <stdlib.h>
| # include <stddef.h>
| #else
| # ifdef HAVE_STDLIB_H
| #  include <stdlib.h>
| # endif
| #endif
| #ifdef HAVE_STRING_H
| # if !defined STDC_HEADERS && defined HAVE_MEMORY_H
| #  include <memory.h>
| # endif
| # include <string.h>
| #endif
| #ifdef HAVE_STRINGS_H
| # include <strings.h>
| #endif
| #ifdef HAVE_INTTYPES_H
| # include <inttypes.h>
| #endif
| #ifdef HAVE_STDINT_H
| # include <stdint.h>
| #endif
| #ifdef HAVE_UNISTD_H
| # include <unistd.h>
| #endif
| #include <malloc.h>
configure:16993: result: no
configure:16993: checking malloc.h presence
configure:16993: g++ -E  conftest.cpp
conftest.cpp:33:10: fatal error: 'malloc.h' file not found
#include <malloc.h>
         ^
1 error generated.
configure:16993: $? = 1
configure: failed program was:
| /* confdefs.h */
| #define PACKAGE_NAME "tesseract"
| #define PACKAGE_TARNAME "tesseract"
| #define PACKAGE_VERSION "3.02.02"
| #define PACKAGE_STRING "tesseract 3.02.02"
| #define PACKAGE_BUGREPORT "http://code.google.com/p/tesseract-ocr/issues/list"
| #define PACKAGE_URL ""
| #define PACKAGE_NAME "tesseract"
| #define PACKAGE_VERSION "3.02.02"
| #define PACKAGE_YEAR "2012"
| #define PACKAGE_DATE "10/23"
| #define STDC_HEADERS 1
| #define HAVE_SYS_TYPES_H 1
| #define HAVE_SYS_STAT_H 1
| #define HAVE_STDLIB_H 1
| #define HAVE_STRING_H 1
| #define HAVE_MEMORY_H 1
| #define HAVE_STRINGS_H 1
| #define HAVE_INTTYPES_H 1
| #define HAVE_STDINT_H 1
| #define HAVE_UNISTD_H 1
| #define HAVE_DLFCN_H 1
| #define LT_OBJDIR ".libs/"
| #define PACKAGE "tesseract"
| #define VERSION "3.02.02"
| #define STDC_HEADERS 1
| #define TIME_WITH_SYS_TIME 1
| #define HAVE_SYS_WAIT_H 1
| #define HAVE_SYS_IPC_H 1
| #define HAVE_SYS_SHM_H 1
| #define HAVE_LIMITS_H 1
| /* end confdefs.h.  */
| #include <malloc.h>
configure:16993: result: no
configure:16993: checking for malloc.h
configure:16993: result: no
configure:17005: checking allheaders.h usability
configure:17005: g++ -c -g -O2  conftest.cpp >&5
conftest.cpp:66:10: fatal error: 'allheaders.h' file not found
#include <allheaders.h>
         ^
1 error generated.
configure:17005: $? = 1
configure: failed program was:
| /* confdefs.h */
| #define PACKAGE_NAME "tesseract"
| #define PACKAGE_TARNAME "tesseract"
| #define PACKAGE_VERSION "3.02.02"
| #define PACKAGE_STRING "tesseract 3.02.02"
| #define PACKAGE_BUGREPORT "http://code.google.com/p/tesseract-ocr/issues/list"
| #define PACKAGE_URL ""
| #define PACKAGE_NAME "tesseract"
| #define PACKAGE_VERSION "3.02.02"
| #define PACKAGE_YEAR "2012"
| #define PACKAGE_DATE "10/23"
| #define STDC_HEADERS 1
| #define HAVE_SYS_TYPES_H 1
| #define HAVE_SYS_STAT_H 1
| #define HAVE_STDLIB_H 1
| #define HAVE_STRING_H 1
| #define HAVE_MEMORY_H 1
| #define HAVE_STRINGS_H 1
| #define HAVE_INTTYPES_H 1
| #define HAVE_STDINT_H 1
| #define HAVE_UNISTD_H 1
| #define HAVE_DLFCN_H 1
| #define LT_OBJDIR ".libs/"
| #define PACKAGE "tesseract"
| #define VERSION "3.02.02"
| #define STDC_HEADERS 1
| #define TIME_WITH_SYS_TIME 1
| #define HAVE_SYS_WAIT_H 1
| #define HAVE_SYS_IPC_H 1
| #define HAVE_SYS_SHM_H 1
| #define HAVE_LIMITS_H 1
| /* end confdefs.h.  */
| #include <stdio.h>
| #ifdef HAVE_SYS_TYPES_H
| # include <sys/types.h>
| #endif
| #ifdef HAVE_SYS_STAT_H
| # include <sys/stat.h>
| #endif
| #ifdef STDC_HEADERS
| # include <stdlib.h>
| # include <stddef.h>
| #else
| # ifdef HAVE_STDLIB_H
| #  include <stdlib.h>
| # endif
| #endif
| #ifdef HAVE_STRING_H
| # if !defined STDC_HEADERS && defined HAVE_MEMORY_H
| #  include <memory.h>
| # endif
| # include <string.h>
| #endif
| #ifdef HAVE_STRINGS_H
| # include <strings.h>
| #endif
| #ifdef HAVE_INTTYPES_H
| # include <inttypes.h>
| #endif
| #ifdef HAVE_STDINT_H
| # include <stdint.h>
| #endif
| #ifdef HAVE_UNISTD_H
| # include <unistd.h>
| #endif
| #include <allheaders.h>
configure:17005: result: no
configure:17005: checking allheaders.h presence
configure:17005: g++ -E  conftest.cpp
conftest.cpp:33:10: fatal error: 'allheaders.h' file not found
#include <allheaders.h>
         ^
1 error generated.
configure:17005: $? = 1
configure: failed program was:
| /* confdefs.h */
| #define PACKAGE_NAME "tesseract"
| #define PACKAGE_TARNAME "tesseract"
| #define PACKAGE_VERSION "3.02.02"
| #define PACKAGE_STRING "tesseract 3.02.02"
| #define PACKAGE_BUGREPORT "http://code.google.com/p/tesseract-ocr/issues/list"
| #define PACKAGE_URL ""
| #define PACKAGE_NAME "tesseract"
| #define PACKAGE_VERSION "3.02.02"
| #define PACKAGE_YEAR "2012"
| #define PACKAGE_DATE "10/23"
| #define STDC_HEADERS 1
| #define HAVE_SYS_TYPES_H 1
| #define HAVE_SYS_STAT_H 1
| #define HAVE_STDLIB_H 1
| #define HAVE_STRING_H 1
| #define HAVE_MEMORY_H 1
| #define HAVE_STRINGS_H 1
| #define HAVE_INTTYPES_H 1
| #define HAVE_STDINT_H 1
| #define HAVE_UNISTD_H 1
| #define HAVE_DLFCN_H 1
| #define LT_OBJDIR ".libs/"
| #define PACKAGE "tesseract"
| #define VERSION "3.02.02"
| #define STDC_HEADERS 1
| #define TIME_WITH_SYS_TIME 1
| #define HAVE_SYS_WAIT_H 1
| #define HAVE_SYS_IPC_H 1
| #define HAVE_SYS_SHM_H 1
| #define HAVE_LIMITS_H 1
| /* end confdefs.h.  */
| #include <allheaders.h>
configure:17005: result: no
configure:17005: checking for allheaders.h
configure:17005: result: no
configure:17016: checking for stdbool.h that conforms to C99
configure:17083: g++ -c -g -O2  conftest.cpp >&5
configure:17083: $? = 0
configure:17090: result: yes
configure:17092: checking for _Bool
configure:17092: g++ -c -g -O2  conftest.cpp >&5
conftest.cpp:69:13: error: use of undeclared identifier '_Bool'
if (sizeof (_Bool))
            ^
1 error generated.
configure:17092: $? = 1
configure: failed program was:
| /* confdefs.h */
| #define PACKAGE_NAME "tesseract"
| #define PACKAGE_TARNAME "tesseract"
| #define PACKAGE_VERSION "3.02.02"
| #define PACKAGE_STRING "tesseract 3.02.02"
| #define PACKAGE_BUGREPORT "http://code.google.com/p/tesseract-ocr/issues/list"
| #define PACKAGE_URL ""
| #define PACKAGE_NAME "tesseract"
| #define PACKAGE_VERSION "3.02.02"
| #define PACKAGE_YEAR "2012"
| #define PACKAGE_DATE "10/23"
| #define STDC_HEADERS 1
| #define HAVE_SYS_TYPES_H 1
| #define HAVE_SYS_STAT_H 1
| #define HAVE_STDLIB_H 1
| #define HAVE_STRING_H 1
| #define HAVE_MEMORY_H 1
| #define HAVE_STRINGS_H 1
| #define HAVE_INTTYPES_H 1
| #define HAVE_STDINT_H 1
| #define HAVE_UNISTD_H 1
| #define HAVE_DLFCN_H 1
| #define LT_OBJDIR ".libs/"
| #define PACKAGE "tesseract"
| #define VERSION "3.02.02"
| #define STDC_HEADERS 1
| #define TIME_WITH_SYS_TIME 1
| #define HAVE_SYS_WAIT_H 1
| #define HAVE_SYS_IPC_H 1
| #define HAVE_SYS_SHM_H 1
| #define HAVE_LIMITS_H 1
| /* end confdefs.h.  */
| #include <stdio.h>
| #ifdef HAVE_SYS_TYPES_H
| # include <sys/types.h>
| #endif
| #ifdef HAVE_SYS_STAT_H
| # include <sys/stat.h>
| #endif
| #ifdef STDC_HEADERS
| # include <stdlib.h>
| # include <stddef.h>
| #else
| # ifdef HAVE_STDLIB_H
| #  include <stdlib.h>
| # endif
| #endif
| #ifdef HAVE_STRING_H
| # if !defined STDC_HEADERS && defined HAVE_MEMORY_H
| #  include <memory.h>
| # endif
| # include <string.h>
| #endif
| #ifdef HAVE_STRINGS_H
| # include <strings.h>
| #endif
| #ifdef HAVE_INTTYPES_H
| # include <inttypes.h>
| #endif
| #ifdef HAVE_STDINT_H
| # include <stdint.h>
| #endif
| #ifdef HAVE_UNISTD_H
| # include <unistd.h>
| #endif
| int
| main ()
| {
| if (sizeof (_Bool))
| 	 return 0;
|   ;
|   return 0;
| }
configure:17092: result: no
configure:17111: checking whether #! works in shell scripts
configure:17128: result: yes
configure:17139: checking for special C compiler options needed for large files
configure:17184: result: no
configure:17190: checking for _FILE_OFFSET_BITS value needed for large files
configure:17215: g++ -c -g -O2  conftest.cpp >&5
configure:17215: $? = 0
configure:17247: result: no
configure:17338: checking for wchar_t
configure:17338: g++ -c -g -O2  conftest.cpp >&5
configure:17338: $? = 0
configure:17338: g++ -c -g -O2  conftest.cpp >&5
conftest.cpp:70:22: error: expected expression
if (sizeof ((wchar_t)))
                     ^
1 error generated.
configure:17338: $? = 1
configure: failed program was:
| /* confdefs.h */
| #define PACKAGE_NAME "tesseract"
| #define PACKAGE_TARNAME "tesseract"
| #define PACKAGE_VERSION "3.02.02"
| #define PACKAGE_STRING "tesseract 3.02.02"
| #define PACKAGE_BUGREPORT "http://code.google.com/p/tesseract-ocr/issues/list"
| #define PACKAGE_URL ""
| #define PACKAGE_NAME "tesseract"
| #define PACKAGE_VERSION "3.02.02"
| #define PACKAGE_YEAR "2012"
| #define PACKAGE_DATE "10/23"
| #define STDC_HEADERS 1
| #define HAVE_SYS_TYPES_H 1
| #define HAVE_SYS_STAT_H 1
| #define HAVE_STDLIB_H 1
| #define HAVE_STRING_H 1
| #define HAVE_MEMORY_H 1
| #define HAVE_STRINGS_H 1
| #define HAVE_INTTYPES_H 1
| #define HAVE_STDINT_H 1
| #define HAVE_UNISTD_H 1
| #define HAVE_DLFCN_H 1
| #define LT_OBJDIR ".libs/"
| #define PACKAGE "tesseract"
| #define VERSION "3.02.02"
| #define STDC_HEADERS 1
| #define TIME_WITH_SYS_TIME 1
| #define HAVE_SYS_WAIT_H 1
| #define HAVE_SYS_IPC_H 1
| #define HAVE_SYS_SHM_H 1
| #define HAVE_LIMITS_H 1
| #define HAVE_STDBOOL_H 1
| /* end confdefs.h.  */
| #include <stdio.h>
| #ifdef HAVE_SYS_TYPES_H
| # include <sys/types.h>
| #endif
| #ifdef HAVE_SYS_STAT_H
| # include <sys/stat.h>
| #endif
| #ifdef STDC_HEADERS
| # include <stdlib.h>
| # include <stddef.h>
| #else
| # ifdef HAVE_STDLIB_H
| #  include <stdlib.h>
| # endif
| #endif
| #ifdef HAVE_STRING_H
| # if !defined STDC_HEADERS && defined HAVE_MEMORY_H
| #  include <memory.h>
| # endif
| # include <string.h>
| #endif
| #ifdef HAVE_STRINGS_H
| # include <strings.h>
| #endif
| #ifdef HAVE_INTTYPES_H
| # include <inttypes.h>
| #endif
| #ifdef HAVE_STDINT_H
| # include <stdint.h>
| #endif
| #ifdef HAVE_UNISTD_H
| # include <unistd.h>
| #endif
| int
| main ()
| {
| if (sizeof ((wchar_t)))
| 	    return 0;
|   ;
|   return 0;
| }
configure:17338: result: yes
configure:17348: checking for long long int
configure:17348: g++ -c -g -O2  conftest.cpp >&5
configure:17348: $? = 0
configure:17348: g++ -c -g -O2  conftest.cpp >&5
conftest.cpp:71:28: error: expected expression
if (sizeof ((long long int)))
                           ^
1 error generated.
configure:17348: $? = 1
configure: failed program was:
| /* confdefs.h */
| #define PACKAGE_NAME "tesseract"
| #define PACKAGE_TARNAME "tesseract"
| #define PACKAGE_VERSION "3.02.02"
| #define PACKAGE_STRING "tesseract 3.02.02"
| #define PACKAGE_BUGREPORT "http://code.google.com/p/tesseract-ocr/issues/list"
| #define PACKAGE_URL ""
| #define PACKAGE_NAME "tesseract"
| #define PACKAGE_VERSION "3.02.02"
| #define PACKAGE_YEAR "2012"
| #define PACKAGE_DATE "10/23"
| #define STDC_HEADERS 1
| #define HAVE_SYS_TYPES_H 1
| #define HAVE_SYS_STAT_H 1
| #define HAVE_STDLIB_H 1
| #define HAVE_STRING_H 1
| #define HAVE_MEMORY_H 1
| #define HAVE_STRINGS_H 1
| #define HAVE_INTTYPES_H 1
| #define HAVE_STDINT_H 1
| #define HAVE_UNISTD_H 1
| #define HAVE_DLFCN_H 1
| #define LT_OBJDIR ".libs/"
| #define PACKAGE "tesseract"
| #define VERSION "3.02.02"
| #define STDC_HEADERS 1
| #define TIME_WITH_SYS_TIME 1
| #define HAVE_SYS_WAIT_H 1
| #define HAVE_SYS_IPC_H 1
| #define HAVE_SYS_SHM_H 1
| #define HAVE_LIMITS_H 1
| #define HAVE_STDBOOL_H 1
| #define HAVE_WCHAR_T 1
| /* end confdefs.h.  */
| #include <stdio.h>
| #ifdef HAVE_SYS_TYPES_H
| # include <sys/types.h>
| #endif
| #ifdef HAVE_SYS_STAT_H
| # include <sys/stat.h>
| #endif
| #ifdef STDC_HEADERS
| # include <stdlib.h>
| # include <stddef.h>
| #else
| # ifdef HAVE_STDLIB_H
| #  include <stdlib.h>
| # endif
| #endif
| #ifdef HAVE_STRING_H
| # if !defined STDC_HEADERS && defined HAVE_MEMORY_H
| #  include <memory.h>
| # endif
| # include <string.h>
| #endif
| #ifdef HAVE_STRINGS_H
| # include <strings.h>
| #endif
| #ifdef HAVE_INTTYPES_H
| # include <inttypes.h>
| #endif
| #ifdef HAVE_STDINT_H
| # include <stdint.h>
| #endif
| #ifdef HAVE_UNISTD_H
| # include <unistd.h>
| #endif
| int
| main ()
| {
| if (sizeof ((long long int)))
| 	    return 0;
|   ;
|   return 0;
| }
configure:17348: result: yes
configure:17358: checking for mbstate_t
configure:17358: g++ -c -g -O2  conftest.cpp >&5
configure:17358: $? = 0
configure:17358: g++ -c -g -O2  conftest.cpp >&5
conftest.cpp:41:24: error: expected expression
if (sizeof ((mbstate_t)))
                       ^
1 error generated.
configure:17358: $? = 1
configure: failed program was:
| /* confdefs.h */
| #define PACKAGE_NAME "tesseract"
| #define PACKAGE_TARNAME "tesseract"
| #define PACKAGE_VERSION "3.02.02"
| #define PACKAGE_STRING "tesseract 3.02.02"
| #define PACKAGE_BUGREPORT "http://code.google.com/p/tesseract-ocr/issues/list"
| #define PACKAGE_URL ""
| #define PACKAGE_NAME "tesseract"
| #define PACKAGE_VERSION "3.02.02"
| #define PACKAGE_YEAR "2012"
| #define PACKAGE_DATE "10/23"
| #define STDC_HEADERS 1
| #define HAVE_SYS_TYPES_H 1
| #define HAVE_SYS_STAT_H 1
| #define HAVE_STDLIB_H 1
| #define HAVE_STRING_H 1
| #define HAVE_MEMORY_H 1
| #define HAVE_STRINGS_H 1
| #define HAVE_INTTYPES_H 1
| #define HAVE_STDINT_H 1
| #define HAVE_UNISTD_H 1
| #define HAVE_DLFCN_H 1
| #define LT_OBJDIR ".libs/"
| #define PACKAGE "tesseract"
| #define VERSION "3.02.02"
| #define STDC_HEADERS 1
| #define TIME_WITH_SYS_TIME 1
| #define HAVE_SYS_WAIT_H 1
| #define HAVE_SYS_IPC_H 1
| #define HAVE_SYS_SHM_H 1
| #define HAVE_LIMITS_H 1
| #define HAVE_STDBOOL_H 1
| #define HAVE_WCHAR_T 1
| #define HAVE_LONG_LONG_INT 1
| /* end confdefs.h.  */
| #include "wchar.h"
| 
| int
| main ()
| {
| if (sizeof ((mbstate_t)))
| 	    return 0;
|   ;
|   return 0;
| }
configure:17358: result: yes
configure:17372: checking for size_t
configure:17372: g++ -c -g -O2  conftest.cpp >&5
configure:17372: $? = 0
configure:17372: g++ -c -g -O2  conftest.cpp >&5
conftest.cpp:73:21: error: expected expression
if (sizeof ((size_t)))
                    ^
1 error generated.
configure:17372: $? = 1
configure: failed program was:
| /* confdefs.h */
| #define PACKAGE_NAME "tesseract"
| #define PACKAGE_TARNAME "tesseract"
| #define PACKAGE_VERSION "3.02.02"
| #define PACKAGE_STRING "tesseract 3.02.02"
| #define PACKAGE_BUGREPORT "http://code.google.com/p/tesseract-ocr/issues/list"
| #define PACKAGE_URL ""
| #define PACKAGE_NAME "tesseract"
| #define PACKAGE_VERSION "3.02.02"
| #define PACKAGE_YEAR "2012"
| #define PACKAGE_DATE "10/23"
| #define STDC_HEADERS 1
| #define HAVE_SYS_TYPES_H 1
| #define HAVE_SYS_STAT_H 1
| #define HAVE_STDLIB_H 1
| #define HAVE_STRING_H 1
| #define HAVE_MEMORY_H 1
| #define HAVE_STRINGS_H 1
| #define HAVE_INTTYPES_H 1
| #define HAVE_STDINT_H 1
| #define HAVE_UNISTD_H 1
| #define HAVE_DLFCN_H 1
| #define LT_OBJDIR ".libs/"
| #define PACKAGE "tesseract"
| #define VERSION "3.02.02"
| #define STDC_HEADERS 1
| #define TIME_WITH_SYS_TIME 1
| #define HAVE_SYS_WAIT_H 1
| #define HAVE_SYS_IPC_H 1
| #define HAVE_SYS_SHM_H 1
| #define HAVE_LIMITS_H 1
| #define HAVE_STDBOOL_H 1
| #define HAVE_WCHAR_T 1
| #define HAVE_LONG_LONG_INT 1
| #define HAVE_MBSTATE_T 1
| /* end confdefs.h.  */
| #include <stdio.h>
| #ifdef HAVE_SYS_TYPES_H
| # include <sys/types.h>
| #endif
| #ifdef HAVE_SYS_STAT_H
| # include <sys/stat.h>
| #endif
| #ifdef STDC_HEADERS
| # include <stdlib.h>
| # include <stddef.h>
| #else
| # ifdef HAVE_STDLIB_H
| #  include <stdlib.h>
| # endif
| #endif
| #ifdef HAVE_STRING_H
| # if !defined STDC_HEADERS && defined HAVE_MEMORY_H
| #  include <memory.h>
| # endif
| # include <string.h>
| #endif
| #ifdef HAVE_STRINGS_H
| # include <strings.h>
| #endif
| #ifdef HAVE_INTTYPES_H
| # include <inttypes.h>
| #endif
| #ifdef HAVE_STDINT_H
| # include <stdint.h>
| #endif
| #ifdef HAVE_UNISTD_H
| # include <unistd.h>
| #endif
| int
| main ()
| {
| if (sizeof ((size_t)))
| 	    return 0;
|   ;
|   return 0;
| }
configure:17372: result: yes
configure:17396: checking for stdlib.h
configure:17396: result: yes
configure:17396: checking for unistd.h
configure:17396: result: yes
configure:17396: checking for sys/param.h
configure:17396: g++ -c -g -O2  conftest.cpp >&5
configure:17396: $? = 0
configure:17396: result: yes
configure:17416: checking for getpagesize
configure:17416: g++ -o conftest -g -O2   conftest.cpp  >&5
configure:17416: $? = 0
configure:17416: result: yes
configure:17425: checking for working mmap
configure:17572: g++ -o conftest -g -O2   conftest.cpp  >&5
configure:17572: $? = 0
configure:17572: ./conftest
configure:17572: $? = 0
configure:17582: result: yes
configure:17591: checking for pid_t
configure:17591: g++ -c -g -O2  conftest.cpp >&5
configure:17591: $? = 0
configure:17591: g++ -c -g -O2  conftest.cpp >&5
conftest.cpp:78:20: error: expected expression
if (sizeof ((pid_t)))
                   ^
1 error generated.
configure:17591: $? = 1
configure: failed program was:
| /* confdefs.h */
| #define PACKAGE_NAME "tesseract"
| #define PACKAGE_TARNAME "tesseract"
| #define PACKAGE_VERSION "3.02.02"
| #define PACKAGE_STRING "tesseract 3.02.02"
| #define PACKAGE_BUGREPORT "http://code.google.com/p/tesseract-ocr/issues/list"
| #define PACKAGE_URL ""
| #define PACKAGE_NAME "tesseract"
| #define PACKAGE_VERSION "3.02.02"
| #define PACKAGE_YEAR "2012"
| #define PACKAGE_DATE "10/23"
| #define STDC_HEADERS 1
| #define HAVE_SYS_TYPES_H 1
| #define HAVE_SYS_STAT_H 1
| #define HAVE_STDLIB_H 1
| #define HAVE_STRING_H 1
| #define HAVE_MEMORY_H 1
| #define HAVE_STRINGS_H 1
| #define HAVE_INTTYPES_H 1
| #define HAVE_STDINT_H 1
| #define HAVE_UNISTD_H 1
| #define HAVE_DLFCN_H 1
| #define LT_OBJDIR ".libs/"
| #define PACKAGE "tesseract"
| #define VERSION "3.02.02"
| #define STDC_HEADERS 1
| #define TIME_WITH_SYS_TIME 1
| #define HAVE_SYS_WAIT_H 1
| #define HAVE_SYS_IPC_H 1
| #define HAVE_SYS_SHM_H 1
| #define HAVE_LIMITS_H 1
| #define HAVE_STDBOOL_H 1
| #define HAVE_WCHAR_T 1
| #define HAVE_LONG_LONG_INT 1
| #define HAVE_MBSTATE_T 1
| #define HAVE_STDLIB_H 1
| #define HAVE_UNISTD_H 1
| #define HAVE_SYS_PARAM_H 1
| #define HAVE_GETPAGESIZE 1
| #define HAVE_MMAP 1
| /* end confdefs.h.  */
| #include <stdio.h>
| #ifdef HAVE_SYS_TYPES_H
| # include <sys/types.h>
| #endif
| #ifdef HAVE_SYS_STAT_H
| # include <sys/stat.h>
| #endif
| #ifdef STDC_HEADERS
| # include <stdlib.h>
| # include <stddef.h>
| #else
| # ifdef HAVE_STDLIB_H
| #  include <stdlib.h>
| # endif
| #endif
| #ifdef HAVE_STRING_H
| # if !defined STDC_HEADERS && defined HAVE_MEMORY_H
| #  include <memory.h>
| # endif
| # include <string.h>
| #endif
| #ifdef HAVE_STRINGS_H
| # include <strings.h>
| #endif
| #ifdef HAVE_INTTYPES_H
| # include <inttypes.h>
| #endif
| #ifdef HAVE_STDINT_H
| # include <stdint.h>
| #endif
| #ifdef HAVE_UNISTD_H
| # include <unistd.h>
| #endif
| int
| main ()
| {
| if (sizeof ((pid_t)))
| 	    return 0;
|   ;
|   return 0;
| }
configure:17591: result: yes
configure:17604: checking vfork.h usability
configure:17604: g++ -c -g -O2  conftest.cpp >&5
conftest.cpp:75:10: fatal error: 'vfork.h' file not found
#include <vfork.h>
         ^
1 error generated.
configure:17604: $? = 1
configure: failed program was:
| /* confdefs.h */
| #define PACKAGE_NAME "tesseract"
| #define PACKAGE_TARNAME "tesseract"
| #define PACKAGE_VERSION "3.02.02"
| #define PACKAGE_STRING "tesseract 3.02.02"
| #define PACKAGE_BUGREPORT "http://code.google.com/p/tesseract-ocr/issues/list"
| #define PACKAGE_URL ""
| #define PACKAGE_NAME "tesseract"
| #define PACKAGE_VERSION "3.02.02"
| #define PACKAGE_YEAR "2012"
| #define PACKAGE_DATE "10/23"
| #define STDC_HEADERS 1
| #define HAVE_SYS_TYPES_H 1
| #define HAVE_SYS_STAT_H 1
| #define HAVE_STDLIB_H 1
| #define HAVE_STRING_H 1
| #define HAVE_MEMORY_H 1
| #define HAVE_STRINGS_H 1
| #define HAVE_INTTYPES_H 1
| #define HAVE_STDINT_H 1
| #define HAVE_UNISTD_H 1
| #define HAVE_DLFCN_H 1
| #define LT_OBJDIR ".libs/"
| #define PACKAGE "tesseract"
| #define VERSION "3.02.02"
| #define STDC_HEADERS 1
| #define TIME_WITH_SYS_TIME 1
| #define HAVE_SYS_WAIT_H 1
| #define HAVE_SYS_IPC_H 1
| #define HAVE_SYS_SHM_H 1
| #define HAVE_LIMITS_H 1
| #define HAVE_STDBOOL_H 1
| #define HAVE_WCHAR_T 1
| #define HAVE_LONG_LONG_INT 1
| #define HAVE_MBSTATE_T 1
| #define HAVE_STDLIB_H 1
| #define HAVE_UNISTD_H 1
| #define HAVE_SYS_PARAM_H 1
| #define HAVE_GETPAGESIZE 1
| #define HAVE_MMAP 1
| /* end confdefs.h.  */
| #include <stdio.h>
| #ifdef HAVE_SYS_TYPES_H
| # include <sys/types.h>
| #endif
| #ifdef HAVE_SYS_STAT_H
| # include <sys/stat.h>
| #endif
| #ifdef STDC_HEADERS
| # include <stdlib.h>
| # include <stddef.h>
| #else
| # ifdef HAVE_STDLIB_H
| #  include <stdlib.h>
| # endif
| #endif
| #ifdef HAVE_STRING_H
| # if !defined STDC_HEADERS && defined HAVE_MEMORY_H
| #  include <memory.h>
| # endif
| # include <string.h>
| #endif
| #ifdef HAVE_STRINGS_H
| # include <strings.h>
| #endif
| #ifdef HAVE_INTTYPES_H
| # include <inttypes.h>
| #endif
| #ifdef HAVE_STDINT_H
| # include <stdint.h>
| #endif
| #ifdef HAVE_UNISTD_H
| # include <unistd.h>
| #endif
| #include <vfork.h>
configure:17604: result: no
configure:17604: checking vfork.h presence
configure:17604: g++ -E  conftest.cpp
conftest.cpp:42:10: fatal error: 'vfork.h' file not found
#include <vfork.h>
         ^
1 error generated.
configure:17604: $? = 1
configure: failed program was:
| /* confdefs.h */
| #define PACKAGE_NAME "tesseract"
| #define PACKAGE_TARNAME "tesseract"
| #define PACKAGE_VERSION "3.02.02"
| #define PACKAGE_STRING "tesseract 3.02.02"
| #define PACKAGE_BUGREPORT "http://code.google.com/p/tesseract-ocr/issues/list"
| #define PACKAGE_URL ""
| #define PACKAGE_NAME "tesseract"
| #define PACKAGE_VERSION "3.02.02"
| #define PACKAGE_YEAR "2012"
| #define PACKAGE_DATE "10/23"
| #define STDC_HEADERS 1
| #define HAVE_SYS_TYPES_H 1
| #define HAVE_SYS_STAT_H 1
| #define HAVE_STDLIB_H 1
| #define HAVE_STRING_H 1
| #define HAVE_MEMORY_H 1
| #define HAVE_STRINGS_H 1
| #define HAVE_INTTYPES_H 1
| #define HAVE_STDINT_H 1
| #define HAVE_UNISTD_H 1
| #define HAVE_DLFCN_H 1
| #define LT_OBJDIR ".libs/"
| #define PACKAGE "tesseract"
| #define VERSION "3.02.02"
| #define STDC_HEADERS 1
| #define TIME_WITH_SYS_TIME 1
| #define HAVE_SYS_WAIT_H 1
| #define HAVE_SYS_IPC_H 1
| #define HAVE_SYS_SHM_H 1
| #define HAVE_LIMITS_H 1
| #define HAVE_STDBOOL_H 1
| #define HAVE_WCHAR_T 1
| #define HAVE_LONG_LONG_INT 1
| #define HAVE_MBSTATE_T 1
| #define HAVE_STDLIB_H 1
| #define HAVE_UNISTD_H 1
| #define HAVE_SYS_PARAM_H 1
| #define HAVE_GETPAGESIZE 1
| #define HAVE_MMAP 1
| /* end confdefs.h.  */
| #include <vfork.h>
configure:17604: result: no
configure:17604: checking for vfork.h
configure:17604: result: no
configure:17617: checking for fork
configure:17617: g++ -o conftest -g -O2   conftest.cpp  >&5
configure:17617: $? = 0
configure:17617: result: yes
configure:17617: checking for vfork
configure:17617: g++ -o conftest -g -O2   conftest.cpp  >&5
configure:17617: $? = 0
configure:17617: result: yes
configure:17627: checking for working fork
configure:17649: g++ -o conftest -g -O2   conftest.cpp  >&5
configure:17649: $? = 0
configure:17649: ./conftest
configure:17649: $? = 0
configure:17659: result: yes
configure:17680: checking for working vfork
configure:17790: result: yes
configure:17818: checking for strerror
configure:17818: g++ -o conftest -g -O2   conftest.cpp  >&5
configure:17818: $? = 0
configure:17818: result: yes
configure:17818: checking for vsnprintf
configure:17818: g++ -o conftest -g -O2   conftest.cpp  >&5
configure:17818: $? = 0
configure:17818: result: yes
configure:17829: checking for gethostname
configure:17829: g++ -o conftest -g -O2   conftest.cpp  >&5
configure:17829: $? = 0
configure:17829: result: yes
configure:17841: checking for strchr
configure:17841: g++ -o conftest -g -O2   conftest.cpp  >&5
configure:17841: $? = 0
configure:17841: result: yes
configure:17841: checking for memcpy
configure:17841: g++ -o conftest -g -O2   conftest.cpp  >&5
configure:17841: $? = 0
configure:17841: result: yes
configure:17853: checking for acos
configure:17853: g++ -o conftest -g -O2   conftest.cpp  >&5
configure:17853: $? = 0
configure:17853: result: yes
configure:17853: checking for asin
configure:17853: g++ -o conftest -g -O2   conftest.cpp  >&5
configure:17853: $? = 0
configure:17853: result: yes
configure:17868: checking for leptonica
configure:17887: result: yes
configure:17889: checking for pixCreate in -llept
configure:17914: g++ -o conftest -g -O2  -I/usr/local/include/leptonica  conftest.cpp -llept   >&5
configure:17914: $? = 0
configure:17923: result: yes
configure:18151: checking that generated files are newer than configure
configure:18157: result: done
configure:18193: creating ./config.status

## ---------------------- ##
## Running config.status. ##
## ---------------------- ##

This file was extended by tesseract config.status 3.02.02, which was
generated by GNU Autoconf 2.69.  Invocation command line was

  CONFIG_FILES    = 
  CONFIG_HEADERS  = 
  CONFIG_LINKS    = 
  CONFIG_COMMANDS = 
  $ ./config.status 

on OSFM17KG3QPL

config.status:1228: creating Makefile
config.status:1228: creating tesseract.pc
config.status:1228: creating api/Makefile
config.status:1228: creating ccmain/Makefile
config.status:1228: creating ccstruct/Makefile
config.status:1228: creating ccutil/Makefile
config.status:1228: creating classify/Makefile
config.status:1228: creating cube/Makefile
config.status:1228: creating cutil/Makefile
config.status:1228: creating dict/Makefile
config.status:1228: creating image/Makefile
config.status:1228: creating neural_networks/runtime/Makefile
config.status:1228: creating textord/Makefile
config.status:1228: creating viewer/Makefile
config.status:1228: creating wordrec/Makefile
config.status:1228: creating training/Makefile
config.status:1228: creating tessdata/Makefile
config.status:1228: creating tessdata/configs/Makefile
config.status:1228: creating tessdata/tessconfigs/Makefile
config.status:1228: creating testing/Makefile
config.status:1228: creating java/Makefile
config.status:1228: creating java/com/Makefile
config.status:1228: creating java/com/google/Makefile
config.status:1228: creating java/com/google/scrollview/Makefile
config.status:1228: creating java/com/google/scrollview/events/Makefile
config.status:1228: creating java/com/google/scrollview/ui/Makefile
config.status:1228: creating doc/Makefile
config.status:1228: creating config_auto.h
config.status:1457: executing libtool commands
config.status:1457: executing depfiles commands

## ---------------- ##
## Cache variables. ##
## ---------------- ##

ac_cv_build=x86_64-apple-darwin14.1.0
ac_cv_c_bigendian=no
ac_cv_c_compiler_gnu=yes
ac_cv_cxx_compiler_gnu=yes
ac_cv_env_CCC_set=
ac_cv_env_CCC_value=
ac_cv_env_CC_set=
ac_cv_env_CC_value=
ac_cv_env_CFLAGS_set=
ac_cv_env_CFLAGS_value=
ac_cv_env_CPPFLAGS_set=
ac_cv_env_CPPFLAGS_value=
ac_cv_env_CPP_set=
ac_cv_env_CPP_value=
ac_cv_env_CXXCPP_set=
ac_cv_env_CXXCPP_value=
ac_cv_env_CXXFLAGS_set=
ac_cv_env_CXXFLAGS_value=
ac_cv_env_CXX_set=
ac_cv_env_CXX_value=
ac_cv_env_LDFLAGS_set=
ac_cv_env_LDFLAGS_value=
ac_cv_env_LIBLEPT_HEADERSDIR_set=
ac_cv_env_LIBLEPT_HEADERSDIR_value=
ac_cv_env_LIBS_set=
ac_cv_env_LIBS_value=
ac_cv_env_LT_SYS_LIBRARY_PATH_set=
ac_cv_env_LT_SYS_LIBRARY_PATH_value=
ac_cv_env_build_alias_set=
ac_cv_env_build_alias_value=
ac_cv_env_host_alias_set=
ac_cv_env_host_alias_value=
ac_cv_env_target_alias_set=
ac_cv_env_target_alias_value=
ac_cv_func_acos=yes
ac_cv_func_asin=yes
ac_cv_func_fork=yes
ac_cv_func_fork_works=yes
ac_cv_func_gethostname=yes
ac_cv_func_getpagesize=yes
ac_cv_func_memcpy=yes
ac_cv_func_mmap_fixed_mapped=yes
ac_cv_func_strchr=yes
ac_cv_func_strerror=yes
ac_cv_func_vfork=yes
ac_cv_func_vfork_works=yes
ac_cv_func_vsnprintf=yes
ac_cv_header_allheaders_h=no
ac_cv_header_dlfcn_h=yes
ac_cv_header_inttypes_h=yes
ac_cv_header_limits_h=yes
ac_cv_header_malloc_h=no
ac_cv_header_memory_h=yes
ac_cv_header_stdbool_h=yes
ac_cv_header_stdc=yes
ac_cv_header_stdint_h=yes
ac_cv_header_stdlib_h=yes
ac_cv_header_string_h=yes
ac_cv_header_strings_h=yes
ac_cv_header_sys_ipc_h=yes
ac_cv_header_sys_param_h=yes
ac_cv_header_sys_shm_h=yes
ac_cv_header_sys_stat_h=yes
ac_cv_header_sys_types_h=yes
ac_cv_header_sys_wait_h=yes
ac_cv_header_time=yes
ac_cv_header_unistd_h=yes
ac_cv_header_vfork_h=no
ac_cv_host=x86_64-apple-darwin14.1.0
ac_cv_lib_lept_pixCreate=yes
ac_cv_objext=o
ac_cv_path_EGREP='/usr/bin/grep -E'
ac_cv_path_FGREP='/usr/bin/grep -F'
ac_cv_path_GREP=/usr/bin/grep
ac_cv_path_SED=/usr/bin/sed
ac_cv_path_install='/usr/bin/install -c'
ac_cv_path_lt_DD=/bin/dd
ac_cv_prog_AWK=awk
ac_cv_prog_CPP='gcc -E'
ac_cv_prog_CXXCPP='g++ -E'
ac_cv_prog_ac_ct_AR=ar
ac_cv_prog_ac_ct_CC=gcc
ac_cv_prog_ac_ct_CXX=g++
ac_cv_prog_ac_ct_DSYMUTIL=dsymutil
ac_cv_prog_ac_ct_LIPO=lipo
ac_cv_prog_ac_ct_NMEDIT=nmedit
ac_cv_prog_ac_ct_OTOOL=otool
ac_cv_prog_ac_ct_RANLIB=ranlib
ac_cv_prog_ac_ct_STRIP=strip
ac_cv_prog_cc_c89=
ac_cv_prog_cc_g=yes
ac_cv_prog_cxx_g=yes
ac_cv_prog_make_make_set=yes
ac_cv_search_sem_init='none required'
ac_cv_sys_file_offset_bits=no
ac_cv_sys_interpreter=yes
ac_cv_sys_largefile_CC=no
ac_cv_type__Bool=no
ac_cv_type_long_long_int=yes
ac_cv_type_mbstate_t=yes
ac_cv_type_pid_t=yes
ac_cv_type_size_t=yes
ac_cv_type_wchar_t=yes
am_cv_CC_dependencies_compiler_type=gcc3
am_cv_CXX_dependencies_compiler_type=gcc3
am_cv_make_support_nested_variables=yes
am_cv_prog_cc_c_o=yes
lt_cv_apple_cc_single_mod=yes
lt_cv_ar_at_file=no
lt_cv_deplibs_check_method=pass_all
lt_cv_file_magic_cmd='$MAGIC_CMD'
lt_cv_file_magic_test_file=
lt_cv_ld_exported_symbols_list=yes
lt_cv_ld_force_load=yes
lt_cv_ld_reload_flag=-r
lt_cv_nm_interface='BSD nm'
lt_cv_objdir=.libs
lt_cv_path_LD=/Library/Developer/CommandLineTools/usr/bin/ld
lt_cv_path_LDCXX=/Library/Developer/CommandLineTools/usr/bin/ld
lt_cv_path_NM=/usr/bin/nm
lt_cv_path_mainfest_tool=no
lt_cv_prog_compiler_c_o=yes
lt_cv_prog_compiler_c_o_CXX=yes
lt_cv_prog_compiler_pic='-fno-common -DPIC'
lt_cv_prog_compiler_pic_CXX='-fno-common -DPIC'
lt_cv_prog_compiler_pic_works=yes
lt_cv_prog_compiler_pic_works_CXX=yes
lt_cv_prog_compiler_rtti_exceptions=yes
lt_cv_prog_compiler_static_works=no
lt_cv_prog_compiler_static_works_CXX=no
lt_cv_prog_gnu_ld=no
lt_cv_prog_gnu_ldcxx=no
lt_cv_sharedlib_from_linklib_cmd='printf %s\n'
lt_cv_sys_global_symbol_pipe='sed -n -e '\''s/^.*[	 ]\([BCDEGRST][BCDEGRST]*\)[	 ][	 ]*_\([_A-Za-z][_A-Za-z0-9]*\)$/\1 _\2 \2/p'\'' | sed '\''/ __gnu_lto/d'\'''
lt_cv_sys_global_symbol_to_c_name_address='sed -n -e '\''s/^: \(.*\) .*$/  {"\1", (void *) 0},/p'\'' -e '\''s/^[BCDEGRST][BCDEGRST]* .* \(.*\)$/  {"\1", (void *) \&\1},/p'\'''
lt_cv_sys_global_symbol_to_c_name_address_lib_prefix='sed -n -e '\''s/^: \(.*\) .*$/  {"\1", (void *) 0},/p'\'' -e '\''s/^[BCDEGRST][BCDEGRST]* .* \(lib.*\)$/  {"\1", (void *) \&\1},/p'\'' -e '\''s/^[BCDEGRST][BCDEGRST]* .* \(.*\)$/  {"lib\1", (void *) \&\1},/p'\'''
lt_cv_sys_global_symbol_to_cdecl='sed -n -e '\''s/^T .* \(.*\)$/extern int \1();/p'\'' -e '\''s/^[BCDEGRST][BCDEGRST]* .* \(.*\)$/extern char \1;/p'\'''
lt_cv_sys_global_symbol_to_import=
lt_cv_sys_max_cmd_len=196608
lt_cv_to_host_file_cmd=func_convert_file_noop
lt_cv_to_tool_file_cmd=func_convert_file_noop
lt_cv_truncate_bin='/bin/dd bs=4096 count=1'

## ----------------- ##
## Output variables. ##
## ----------------- ##

ACLOCAL='${SHELL} /Users/mgreaves/development/opensource/c++/tesseract-ocr/config/missing aclocal-1.15'
AMDEPBACKSLASH='\'
AMDEP_FALSE='#'
AMDEP_TRUE=''
AMTAR='$${TAR-tar}'
AM_BACKSLASH='\'
AM_CPPFLAGS=' -O3 -DNDEBUG'
AM_DEFAULT_V='$(AM_DEFAULT_VERBOSITY)'
AM_DEFAULT_VERBOSITY='1'
AM_LDFLAGS=''
AM_V='$(V)'
AR='ar'
AUTOCONF='${SHELL} /Users/mgreaves/development/opensource/c++/tesseract-ocr/config/missing autoconf'
AUTOHEADER='${SHELL} /Users/mgreaves/development/opensource/c++/tesseract-ocr/config/missing autoheader'
AUTOMAKE='${SHELL} /Users/mgreaves/development/opensource/c++/tesseract-ocr/config/missing automake-1.15'
AWK='awk'
CC='gcc'
CCDEPMODE='depmode=gcc3'
CFLAGS='-g -O2'
CPP='gcc -E'
CPPFLAGS=' -I/usr/local/include/leptonica'
CXX='g++'
CXXCPP='g++ -E'
CXXDEPMODE='depmode=gcc3'
CXXFLAGS='-g -O2'
CYGPATH_W='echo'
DEFS='-DHAVE_CONFIG_H'
DEPDIR='.deps'
DLLTOOL='false'
DSYMUTIL='dsymutil'
DUMPBIN=''
ECHO_C='\c'
ECHO_N=''
ECHO_T=''
EGREP='/usr/bin/grep -E'
EMBEDDED_FALSE=''
EMBEDDED_TRUE='#'
EXEEXT=''
FGREP='/usr/bin/grep -F'
GENERIC_API_VERSION='3.2'
GENERIC_LIBRARY_NAME='tesseract'
GENERIC_LIBRARY_VERSION='3:2'
GENERIC_MAJOR_VERSION='3'
GENERIC_RELEASE='3.2'
GENERIC_VERSION='3.2.2'
GRAPHICS_DISABLED_FALSE=''
GRAPHICS_DISABLED_TRUE='#'
GREP='/usr/bin/grep'
INSTALL_DATA='${INSTALL} -m 644'
INSTALL_PROGRAM='${INSTALL}'
INSTALL_SCRIPT='${INSTALL}'
INSTALL_STRIP_PROGRAM='$(install_sh) -c -s'
LD='/Library/Developer/CommandLineTools/usr/bin/ld'
LDFLAGS=''
LIBLEPT_HEADERSDIR='/usr/local/include /usr/include'
LIBOBJS=''
LIBS='-llept '
LIBTOOL='$(SHELL) $(top_builddir)/libtool'
LIPO='lipo'
LN_S='ln -s'
LTLIBOBJS=''
LT_SYS_LIBRARY_PATH=''
MAINT='#'
MAINTAINER_MODE_FALSE=''
MAINTAINER_MODE_TRUE='#'
MAKEINFO='${SHELL} /Users/mgreaves/development/opensource/c++/tesseract-ocr/config/missing makeinfo'
MANIFEST_TOOL=':'
MINGW_FALSE=''
MINGW_TRUE='#'
MKDIR_P='config/install-sh -c -d'
NM='/usr/bin/nm'
NMEDIT='nmedit'
NO_TESSDATA_PREFIX_FALSE=''
NO_TESSDATA_PREFIX_TRUE='#'
OBJDUMP='false'
OBJEXT='o'
OTOOL64=':'
OTOOL='otool'
PACKAGE='tesseract'
PACKAGE_BUGREPORT='http://code.google.com/p/tesseract-ocr/issues/list'
PACKAGE_DATE='10/23'
PACKAGE_NAME='tesseract'
PACKAGE_STRING='tesseract 3.02.02'
PACKAGE_TARNAME='tesseract'
PACKAGE_URL=''
PACKAGE_VERSION='3.02.02'
PACKAGE_YEAR='2012'
PATH_SEPARATOR=':'
RANLIB='ranlib'
SED='/usr/bin/sed'
SET_MAKE=''
SHELL='/bin/sh'
STRIP='strip'
USING_CL_FALSE=''
USING_CL_TRUE='#'
USING_MULTIPLELIBS_FALSE=''
USING_MULTIPLELIBS_TRUE='#'
VERSION='3.02.02'
VISIBILITY_FALSE=''
VISIBILITY_TRUE='#'
ac_ct_AR='ar'
ac_ct_CC='gcc'
ac_ct_CXX='g++'
ac_ct_DUMPBIN=''
am__EXEEXT_FALSE=''
am__EXEEXT_TRUE='#'
am__fastdepCC_FALSE='#'
am__fastdepCC_TRUE=''
am__fastdepCXX_FALSE='#'
am__fastdepCXX_TRUE=''
am__include='include'
am__isrc=''
am__leading_dot='.'
am__nodep='_no'
am__quote=''
am__tar='$${TAR-tar} chof - "$$tardir"'
am__untar='$${TAR-tar} xf -'
bindir='${exec_prefix}/bin'
build='x86_64-apple-darwin14.1.0'
build_alias=''
build_cpu='x86_64'
build_os='darwin14.1.0'
build_vendor='apple'
datadir='${datarootdir}'
datarootdir='${prefix}/share'
docdir='${datarootdir}/doc/${PACKAGE_TARNAME}'
dvidir='${docdir}'
exec_prefix='${prefix}'
host='x86_64-apple-darwin14.1.0'
host_alias=''
host_cpu='x86_64'
host_os='darwin14.1.0'
host_vendor='apple'
htmldir='${docdir}'
includedir='${prefix}/include/tesseract'
infodir='${datarootdir}/info'
install_sh='${SHELL} /Users/mgreaves/development/opensource/c++/tesseract-ocr/config/install-sh'
libdir='${exec_prefix}/lib'
libexecdir='${exec_prefix}/libexec'
localedir='${datarootdir}/locale'
localstatedir='${prefix}/var'
mandir='${datarootdir}/man'
mkdir_p='$(MKDIR_P)'
oldincludedir='/usr/include'
pdfdir='${docdir}'
prefix='/usr/local'
program_transform_name='s,x,x,'
psdir='${docdir}'
sbindir='${exec_prefix}/sbin'
sharedstatedir='${prefix}/com'
sysconfdir='${prefix}/etc'
target_alias=''

## ----------- ##
## confdefs.h. ##
## ----------- ##

/* confdefs.h */
#define PACKAGE_NAME "tesseract"
#define PACKAGE_TARNAME "tesseract"
#define PACKAGE_VERSION "3.02.02"
#define PACKAGE_STRING "tesseract 3.02.02"
#define PACKAGE_BUGREPORT "http://code.google.com/p/tesseract-ocr/issues/list"
#define PACKAGE_URL ""
#define PACKAGE_NAME "tesseract"
#define PACKAGE_VERSION "3.02.02"
#define PACKAGE_YEAR "2012"
#define PACKAGE_DATE "10/23"
#define STDC_HEADERS 1
#define HAVE_SYS_TYPES_H 1
#define HAVE_SYS_STAT_H 1
#define HAVE_STDLIB_H 1
#define HAVE_STRING_H 1
#define HAVE_MEMORY_H 1
#define HAVE_STRINGS_H 1
#define HAVE_INTTYPES_H 1
#define HAVE_STDINT_H 1
#define HAVE_UNISTD_H 1
#define HAVE_DLFCN_H 1
#define LT_OBJDIR ".libs/"
#define PACKAGE "tesseract"
#define VERSION "3.02.02"
#define STDC_HEADERS 1
#define TIME_WITH_SYS_TIME 1
#define HAVE_SYS_WAIT_H 1
#define HAVE_SYS_IPC_H 1
#define HAVE_SYS_SHM_H 1
#define HAVE_LIMITS_H 1
#define HAVE_STDBOOL_H 1
#define HAVE_WCHAR_T 1
#define HAVE_LONG_LONG_INT 1
#define HAVE_MBSTATE_T 1
#define HAVE_STDLIB_H 1
#define HAVE_UNISTD_H 1
#define HAVE_SYS_PARAM_H 1
#define HAVE_GETPAGESIZE 1
#define HAVE_MMAP 1
#define HAVE_FORK 1
#define HAVE_VFORK 1
#define HAVE_WORKING_VFORK 1
#define HAVE_WORKING_FORK 1
#define HAVE_STRERROR 1
#define HAVE_VSNPRINTF 1
#define HAVE_GETHOSTNAME 1
#define HAVE_STRCHR 1
#define HAVE_MEMCPY 1
#define HAVE_ACOS 1
#define HAVE_ASIN 1
#define HAVE_LIBLEPT 1

configure: exit 0
